<testsuites id="" name="" tests="5" failures="3" skipped="0" errors="0" time="0.8859869999999999">
<testsuite name="flaky.spec.js" timestamp="2026-07-25T13:31:37.203Z" hostname="" tests="5" failures="3" skipped="0" time="0.544" errors="0">
<testcase name="@QAIA-FLAKY-DEMO-001 count is exactly 2 after two pushes" classname="flaky.spec.js" time="0.117">
<system-out>
<![CDATA[
[[ATTACHMENT|test-results\flaky--QAIA-FLAKY-DEMO-001-429b8--exactly-2-after-two-pushes\error-context.md]]
]]>
</system-out>
<failure message="expect(received).toBe(expected) // Object.is equality" type="expect.toBe">
<![CDATA[  flaky.spec.js:6:3 › @QAIA-FLAKY-DEMO-001 count is exactly 2 after two pushes ─────────────────────

    Error: expect(received).toBe(expected) // Object.is equality

    Expected: 2
    Received: 4

      11 |     const res = await request.get(`${BASE}/count`);
      12 |     const body = await res.json();
    > 13 |     expect(body.count).toBe(2);
         |                        ^
      14 |   });
      15 | }
      16 |
        at C:\Users\Moretti Cédric\AppData\Local\Temp\claude\C--Users-Moretti-C-dric-Documents-Claude-QAIA\c85d0d5c-49a7-452b-a722-161f5a64d8de\scratchpad\flaky-poc\flaky.spec.js:13:24

    Error Context: test-results\flaky--QAIA-FLAKY-DEMO-001-429b8--exactly-2-after-two-pushes\error-context.md
]]>
</failure>
</testcase>
<testcase name="@QAIA-FLAKY-DEMO-002 count is exactly 2 after two pushes" classname="flaky.spec.js" time="0.117">
<system-out>
<![CDATA[
[[ATTACHMENT|test-results\flaky--QAIA-FLAKY-DEMO-002-88e0a--exactly-2-after-two-pushes\error-context.md]]
]]>
</system-out>
<failure message="expect(received).toBe(expected) // Object.is equality" type="expect.toBe">
<![CDATA[  flaky.spec.js:6:3 › @QAIA-FLAKY-DEMO-002 count is exactly 2 after two pushes ─────────────────────

    Error: expect(received).toBe(expected) // Object.is equality

    Expected: 2
    Received: 4

      11 |     const res = await request.get(`${BASE}/count`);
      12 |     const body = await res.json();
    > 13 |     expect(body.count).toBe(2);
         |                        ^
      14 |   });
      15 | }
      16 |
        at C:\Users\Moretti Cédric\AppData\Local\Temp\claude\C--Users-Moretti-C-dric-Documents-Claude-QAIA\c85d0d5c-49a7-452b-a722-161f5a64d8de\scratchpad\flaky-poc\flaky.spec.js:13:24

    Error Context: test-results\flaky--QAIA-FLAKY-DEMO-002-88e0a--exactly-2-after-two-pushes\error-context.md
]]>
</failure>
</testcase>
<testcase name="@QAIA-FLAKY-DEMO-003 count is exactly 2 after two pushes" classname="flaky.spec.js" time="0.302">
</testcase>
<testcase name="@QAIA-FLAKY-DEMO-004 stable control - always passes" classname="flaky.spec.js" time="0.003">
</testcase>
<testcase name="@QAIA-FLAKY-DEMO-005 broken control - always fails" classname="flaky.spec.js" time="0.005">
<system-out>
<![CDATA[
[[ATTACHMENT|test-results\flaky--QAIA-FLAKY-DEMO-005-broken-control---always-fails\error-context.md]]
]]>
</system-out>
<failure message="expect(received).toBe(expected) // Object.is equality" type="expect.toBe">
<![CDATA[  flaky.spec.js:21:1 › @QAIA-FLAKY-DEMO-005 broken control - always fails ──────────────────────────

    Error: expect(received).toBe(expected) // Object.is equality

    Expected: 3
    Received: 2

      20 |
      21 | test('@QAIA-FLAKY-DEMO-005 broken control - always fails', async () => {
    > 22 |   expect(1 + 1).toBe(3);
         |                 ^
      23 | });
      24 |
        at C:\Users\Moretti Cédric\AppData\Local\Temp\claude\C--Users-Moretti-C-dric-Documents-Claude-QAIA\c85d0d5c-49a7-452b-a722-161f5a64d8de\scratchpad\flaky-poc\flaky.spec.js:22:17

    Error Context: test-results\flaky--QAIA-FLAKY-DEMO-005-broken-control---always-fails\error-context.md
]]>
</failure>
</testcase>
</testsuite>
</testsuites>