<testsuites id="" name="" tests="5" failures="1" skipped="0" errors="0" time="0.9425159999999998">
<testsuite name="flaky.spec.js" timestamp="2026-07-25T13:31:49.600Z" hostname="" tests="5" failures="1" skipped="0" time="1.06" errors="0">
<testcase name="@QAIA-FLAKY-DEMO-001 count is exactly 2 after two pushes" classname="flaky.spec.js" time="0.372">
</testcase>
<testcase name="@QAIA-FLAKY-DEMO-002 count is exactly 2 after two pushes" classname="flaky.spec.js" time="0.252">
</testcase>
<testcase name="@QAIA-FLAKY-DEMO-003 count is exactly 2 after two pushes" classname="flaky.spec.js" time="0.435">
</testcase>
<testcase name="@QAIA-FLAKY-DEMO-004 stable control - always passes" classname="flaky.spec.js" time="0">
</testcase>
<testcase name="@QAIA-FLAKY-DEMO-005 broken control - always fails" classname="flaky.spec.js" time="0.001">
<system-out>
<![CDATA[
[[ATTACHMENT|test-results\flaky--QAIA-FLAKY-DEMO-005-broken-control---always-fails\error-context.md]]
]]>
</system-out>
<failure message="expect(received).toBe(expected) // Object.is equality" type="expect.toBe">
<![CDATA[  flaky.spec.js:21:1 › @QAIA-FLAKY-DEMO-005 broken control - always fails ──────────────────────────

    Error: expect(received).toBe(expected) // Object.is equality

    Expected: 3
    Received: 2

      20 |
      21 | test('@QAIA-FLAKY-DEMO-005 broken control - always fails', async () => {
    > 22 |   expect(1 + 1).toBe(3);
         |                 ^
      23 | });
      24 |
        at C:\Users\Moretti Cédric\AppData\Local\Temp\claude\C--Users-Moretti-C-dric-Documents-Claude-QAIA\c85d0d5c-49a7-452b-a722-161f5a64d8de\scratchpad\flaky-poc\flaky.spec.js:22:17

    Error Context: test-results\flaky--QAIA-FLAKY-DEMO-005-broken-control---always-fails\error-context.md
]]>
</failure>
</testcase>
</testsuite>
</testsuites>